\BOOKMARK [1][-]{section.1}{Introduction}{}% 1
\BOOKMARK [1][-]{section.2}{Conventions}{}% 2
\BOOKMARK [1][-]{section.3}{QCD}{}% 3
\BOOKMARK [1][-]{section.4}{lattice QCD}{}% 4
\BOOKMARK [1][-]{section.5}{Performance Models}{}% 5
\BOOKMARK [1][-]{section.6}{Software: openQxD}{}% 6
\BOOKMARK [1][-]{section.7}{Conjugate Gradient algorithm}{}% 7
\BOOKMARK [1][-]{section.8}{Real number formats}{}% 8
\BOOKMARK [2][-]{subsection.8.1}{IEEE Standard for Floating-Point Arithmetic}{section.8}% 9
\BOOKMARK [2][-]{subsection.8.2}{Posits}{section.8}% 10
\BOOKMARK [2][-]{subsection.8.3}{Floating point numbers in openQxD}{section.8}% 11
\BOOKMARK [2][-]{subsection.8.4}{The conjugate gradient kernel}{section.8}% 12
\BOOKMARK [2][-]{subsection.8.5}{Simulating other datatypes}{section.8}% 13
\BOOKMARK [3][-]{subsubsection.8.5.1}{Discussion of figures 6 - 9}{subsection.8.5}% 14
\BOOKMARK [3][-]{subsubsection.8.5.2}{84 lattice}{subsection.8.5}% 15
\BOOKMARK [3][-]{subsubsection.8.5.3}{Conclusion}{subsection.8.5}% 16
\BOOKMARK [1][-]{section.9}{SAP preconditioned GCR algorithm}{}% 17
\BOOKMARK [2][-]{subsection.9.1}{Even-Odd Preconditioning}{section.9}% 18
\BOOKMARK [2][-]{subsection.9.2}{Schwarz Alternating Procedure}{section.9}% 19
\BOOKMARK [2][-]{subsection.9.3}{Generalized Conjugate Residual algorithm}{section.9}% 20
\BOOKMARK [2][-]{subsection.9.4}{GCR in openQxD}{section.9}% 21
\BOOKMARK [1][-]{section.10}{Deflated SAP preconditioned GCR algorithm}{}% 22
\BOOKMARK [1][-]{section.11}{Summary}{}% 23
\BOOKMARK [1][-]{section.12}{References}{}% 24
\BOOKMARK [1][-]{section*.12}{Appendices}{}% 25
\BOOKMARK [2][-]{subsection.Alph0.1}{Code}{section*.12}% 26
\BOOKMARK [1][-]{section*.13}{Acronyms}{}% 27
\BOOKMARK [1][-]{section*.15}{Glossary}{}% 28
