\BOOKMARK [1][-]{section.1}{Introduction}{}% 1
\BOOKMARK [1][-]{section.2}{Conventions}{}% 2
\BOOKMARK [1][-]{section.3}{Theory: QCD}{}% 3
\BOOKMARK [1][-]{section.4}{Theory: lattice QCD}{}% 4
\BOOKMARK [1][-]{section.5}{Theory: Performance Models}{}% 5
\BOOKMARK [1][-]{section.6}{Software: openQxD}{}% 6
\BOOKMARK [1][-]{section.7}{Theory: Conjugate Gradient algorithm}{}% 7
\BOOKMARK [1][-]{section.8}{Theory: Real number formats}{}% 8
\BOOKMARK [2][-]{subsection.8.1}{IEEE Standard for Floating-Point Arithmetic}{section.8}% 9
\BOOKMARK [2][-]{subsection.8.2}{Posits}{section.8}% 10
\BOOKMARK [2][-]{subsection.8.3}{Floating point numbers in openQxD}{section.8}% 11
\BOOKMARK [2][-]{subsection.8.4}{The conjugate gradient kernel}{section.8}% 12
\BOOKMARK [2][-]{subsection.8.5}{Simulating other datatypes}{section.8}% 13
\BOOKMARK [3][-]{subsubsection.8.5.1}{Discussion of figures 6 - 9}{subsection.8.5}% 14
\BOOKMARK [3][-]{subsubsection.8.5.2}{84 lattice}{subsection.8.5}% 15
\BOOKMARK [3][-]{subsubsection.8.5.3}{Conclusion}{subsection.8.5}% 16
\BOOKMARK [1][-]{section.9}{Summary}{}% 17
\BOOKMARK [1][-]{section.10}{References}{}% 18
\BOOKMARK [1][-]{section*.6}{Appendices}{}% 19
\BOOKMARK [2][-]{subsection.Alph0.1}{Code}{section*.6}% 20
\BOOKMARK [1][-]{section*.7}{Acronyms}{}% 21
\BOOKMARK [1][-]{section*.9}{Glossary}{}% 22
